0 info it worked if it ends with ok
1 verbose cli [ 'C:\\Program Files\\nodejs\\node.exe',
1 verbose cli   'C:\\Program Files\\nodejs\\node_modules\\npm\\bin\\npm-cli.js',
1 verbose cli   'install' ]
2 info using npm@4.1.2
3 info using node@v7.7.0
4 silly loadCurrentTree Starting
5 silly install loadCurrentTree
6 silly install readLocalPackageData
7 silly install normalizeTree
8 silly loadCurrentTree Finishing
9 silly loadIdealTree Starting
10 silly install loadIdealTree
11 silly cloneCurrentTree Starting
12 silly install cloneCurrentTreeToIdealTree
13 silly cloneCurrentTree Finishing
14 silly loadShrinkwrap Starting
15 silly install loadShrinkwrap
16 silly loadShrinkwrap Finishing
17 silly loadAllDepsIntoIdealTree Starting
18 silly install loadAllDepsIntoIdealTree
19 silly fetchNamedPackageData @nguniversal/common
20 silly mapToRegistry name @nguniversal/common
21 silly mapToRegistry scope (from package name) @nguniversal
22 verbose mapToRegistry no registry URL found in name for scope @nguniversal
23 silly mapToRegistry using default registry
24 silly mapToRegistry registry https://registry.npmjs.org/
25 silly mapToRegistry data Result {
25 silly mapToRegistry   raw: '@nguniversal/common',
25 silly mapToRegistry   scope: '@nguniversal',
25 silly mapToRegistry   escapedName: '@nguniversal%2fcommon',
25 silly mapToRegistry   name: '@nguniversal/common',
25 silly mapToRegistry   rawSpec: '',
25 silly mapToRegistry   spec: 'latest',
25 silly mapToRegistry   type: 'tag' }
26 silly mapToRegistry uri https://registry.npmjs.org/@nguniversal%2fcommon
27 silly fetchNamedPackageData @nguniversal/express-engine
28 silly mapToRegistry name @nguniversal/express-engine
29 silly mapToRegistry scope (from package name) @nguniversal
30 verbose mapToRegistry no registry URL found in name for scope @nguniversal
31 silly mapToRegistry using default registry
32 silly mapToRegistry registry https://registry.npmjs.org/
33 silly mapToRegistry data Result {
33 silly mapToRegistry   raw: '@nguniversal/express-engine',
33 silly mapToRegistry   scope: '@nguniversal',
33 silly mapToRegistry   escapedName: '@nguniversal%2fexpress-engine',
33 silly mapToRegistry   name: '@nguniversal/express-engine',
33 silly mapToRegistry   rawSpec: '',
33 silly mapToRegistry   spec: 'latest',
33 silly mapToRegistry   type: 'tag' }
34 silly mapToRegistry uri https://registry.npmjs.org/@nguniversal%2fexpress-engine
35 silly fetchNamedPackageData @nguniversal/module-map-ngfactory-loader
36 silly mapToRegistry name @nguniversal/module-map-ngfactory-loader
37 silly mapToRegistry scope (from package name) @nguniversal
38 verbose mapToRegistry no registry URL found in name for scope @nguniversal
39 silly mapToRegistry using default registry
40 silly mapToRegistry registry https://registry.npmjs.org/
41 silly mapToRegistry data Result {
41 silly mapToRegistry   raw: '@nguniversal/module-map-ngfactory-loader',
41 silly mapToRegistry   scope: '@nguniversal',
41 silly mapToRegistry   escapedName: '@nguniversal%2fmodule-map-ngfactory-loader',
41 silly mapToRegistry   name: '@nguniversal/module-map-ngfactory-loader',
41 silly mapToRegistry   rawSpec: '',
41 silly mapToRegistry   spec: 'latest',
41 silly mapToRegistry   type: 'tag' }
42 silly mapToRegistry uri https://registry.npmjs.org/@nguniversal%2fmodule-map-ngfactory-loader
43 verbose request uri https://registry.npmjs.org/@nguniversal%2fexpress-engine
44 verbose request no auth needed
45 info attempt registry request try #1 at 3:25:44 PM
46 verbose request id 0f322718e05d7373
47 verbose etag W/"5a97082b-54d1"
48 verbose lastModified Wed, 28 Feb 2018 19:51:07 GMT
49 http request GET https://registry.npmjs.org/@nguniversal%2fexpress-engine
50 verbose request uri https://registry.npmjs.org/@nguniversal%2fcommon
51 verbose request no auth needed
52 info attempt registry request try #1 at 3:25:44 PM
53 verbose etag W/"5a970825-2b82"
54 verbose lastModified Wed, 28 Feb 2018 19:51:01 GMT
55 http request GET https://registry.npmjs.org/@nguniversal%2fcommon
56 verbose request uri https://registry.npmjs.org/@nguniversal%2fmodule-map-ngfactory-loader
57 verbose request no auth needed
58 info attempt registry request try #1 at 3:25:44 PM
59 verbose etag W/"5a97083e-3143"
60 verbose lastModified Wed, 28 Feb 2018 19:51:26 GMT
61 http request GET https://registry.npmjs.org/@nguniversal%2fmodule-map-ngfactory-loader
62 http 304 https://registry.npmjs.org/@nguniversal%2fexpress-engine
63 verbose headers { date: 'Tue, 20 Mar 2018 09:55:45 GMT',
63 verbose headers   via: '1.1 varnish',
63 verbose headers   'cache-control': 'max-age=0',
63 verbose headers   etag: 'W/"5a97082b-54d1"',
63 verbose headers   age: '0',
63 verbose headers   connection: 'keep-alive',
63 verbose headers   'x-served-by': 'cache-lhr6348-LHR',
63 verbose headers   'x-cache': 'MISS',
63 verbose headers   'x-cache-hits': '0',
63 verbose headers   'x-timer': 'S1521539745.264861,VS0,VE187',
63 verbose headers   vary: 'Accept, Accept-Encoding' }
64 silly get cb [ 304,
64 silly get   { date: 'Tue, 20 Mar 2018 09:55:45 GMT',
64 silly get     via: '1.1 varnish',
64 silly get     'cache-control': 'max-age=0',
64 silly get     etag: 'W/"5a97082b-54d1"',
64 silly get     age: '0',
64 silly get     connection: 'keep-alive',
64 silly get     'x-served-by': 'cache-lhr6348-LHR',
64 silly get     'x-cache': 'MISS',
64 silly get     'x-cache-hits': '0',
64 silly get     'x-timer': 'S1521539745.264861,VS0,VE187',
64 silly get     vary: 'Accept, Accept-Encoding' } ]
65 verbose etag https://registry.npmjs.org/@nguniversal%2fexpress-engine from cache
66 verbose get saving @nguniversal/express-engine to C:\Users\michaeld\AppData\Roaming\npm-cache\registry.npmjs.org\_40nguniversal_252fexpress-engine\.cache.json
67 verbose correctMkdir C:\Users\michaeld\AppData\Roaming\npm-cache correctMkdir not in flight; initializing
68 silly pickManifestFromRegistryMetadata spec >=1.0.0-beta.3 <2.0.0 tag latest versions [ '1.0.0-beta.0',
68 silly pickManifestFromRegistryMetadata   '1.0.0-beta.1',
68 silly pickManifestFromRegistryMetadata   '1.0.0-beta.2',
68 silly pickManifestFromRegistryMetadata   '1.0.0-beta.3',
68 silly pickManifestFromRegistryMetadata   '5.0.0-beta.0',
68 silly pickManifestFromRegistryMetadata   '5.0.0-beta.1',
68 silly pickManifestFromRegistryMetadata   '5.0.0-beta.2',
68 silly pickManifestFromRegistryMetadata   '5.0.0-beta.3',
68 silly pickManifestFromRegistryMetadata   '5.0.0-beta.4',
68 silly pickManifestFromRegistryMetadata   '5.0.0-beta.5',
68 silly pickManifestFromRegistryMetadata   '5.0.0-beta.6' ]
69 silly resolveWithNewModule @nguniversal/express-engine@1.0.0-beta.3 checking installable status
70 silly cache add args [ '@nguniversal/express-engine@^1.0.0-beta.3', null ]
71 verbose cache add spec @nguniversal/express-engine@^1.0.0-beta.3
72 silly cache add parsed spec Result {
72 silly cache add   raw: '@nguniversal/express-engine@^1.0.0-beta.3',
72 silly cache add   scope: '@nguniversal',
72 silly cache add   escapedName: '@nguniversal%2fexpress-engine',
72 silly cache add   name: '@nguniversal/express-engine',
72 silly cache add   rawSpec: '^1.0.0-beta.3',
72 silly cache add   spec: '>=1.0.0-beta.3 <2.0.0',
72 silly cache add   type: 'range' }
73 silly addNamed @nguniversal/express-engine@>=1.0.0-beta.3 <2.0.0
74 verbose addNamed ">=1.0.0-beta.3 <2.0.0" is a valid semver range for @nguniversal/express-engine
75 silly addNameRange { name: '@nguniversal/express-engine',
75 silly addNameRange   range: '>=1.0.0-beta.3 <2.0.0',
75 silly addNameRange   hasData: false }
76 silly mapToRegistry name @nguniversal/express-engine
77 silly mapToRegistry scope (from package name) @nguniversal
78 verbose mapToRegistry no registry URL found in name for scope @nguniversal
79 silly mapToRegistry using default registry
80 silly mapToRegistry registry https://registry.npmjs.org/
81 silly mapToRegistry data Result {
81 silly mapToRegistry   raw: '@nguniversal/express-engine',
81 silly mapToRegistry   scope: '@nguniversal',
81 silly mapToRegistry   escapedName: '@nguniversal%2fexpress-engine',
81 silly mapToRegistry   name: '@nguniversal/express-engine',
81 silly mapToRegistry   rawSpec: '',
81 silly mapToRegistry   spec: 'latest',
81 silly mapToRegistry   type: 'tag' }
82 silly mapToRegistry uri https://registry.npmjs.org/@nguniversal%2fexpress-engine
83 verbose addNameRange registry:https://registry.npmjs.org/@nguniversal%2fexpress-engine not in flight; fetching
84 verbose get https://registry.npmjs.org/@nguniversal%2fexpress-engine not expired, no request
85 silly addNameRange number 2 { name: '@nguniversal/express-engine',
85 silly addNameRange   range: '>=1.0.0-beta.3 <2.0.0',
85 silly addNameRange   hasData: true }
86 silly addNameRange versions [ '@nguniversal/express-engine',
86 silly addNameRange   [ '1.0.0-beta.0',
86 silly addNameRange     '1.0.0-beta.1',
86 silly addNameRange     '1.0.0-beta.2',
86 silly addNameRange     '1.0.0-beta.3',
86 silly addNameRange     '5.0.0-beta.0',
86 silly addNameRange     '5.0.0-beta.1',
86 silly addNameRange     '5.0.0-beta.2',
86 silly addNameRange     '5.0.0-beta.3',
86 silly addNameRange     '5.0.0-beta.4',
86 silly addNameRange     '5.0.0-beta.5',
86 silly addNameRange     '5.0.0-beta.6' ] ]
87 silly pickManifestFromRegistryMetadata spec >=1.0.0-beta.3 <2.0.0 tag latest versions [ '1.0.0-beta.0',
87 silly pickManifestFromRegistryMetadata   '1.0.0-beta.1',
87 silly pickManifestFromRegistryMetadata   '1.0.0-beta.2',
87 silly pickManifestFromRegistryMetadata   '1.0.0-beta.3',
87 silly pickManifestFromRegistryMetadata   '5.0.0-beta.0',
87 silly pickManifestFromRegistryMetadata   '5.0.0-beta.1',
87 silly pickManifestFromRegistryMetadata   '5.0.0-beta.2',
87 silly pickManifestFromRegistryMetadata   '5.0.0-beta.3',
87 silly pickManifestFromRegistryMetadata   '5.0.0-beta.4',
87 silly pickManifestFromRegistryMetadata   '5.0.0-beta.5',
87 silly pickManifestFromRegistryMetadata   '5.0.0-beta.6' ]
88 silly addNamed @nguniversal/express-engine@1.0.0-beta.3
89 verbose addNamed "1.0.0-beta.3" is a plain semver version for @nguniversal/express-engine
90 silly mapToRegistry name @nguniversal/express-engine
91 silly mapToRegistry scope (from package name) @nguniversal
92 verbose mapToRegistry no registry URL found in name for scope @nguniversal
93 silly mapToRegistry using default registry
94 silly mapToRegistry registry https://registry.npmjs.org/
95 silly mapToRegistry data Result {
95 silly mapToRegistry   raw: '@nguniversal/express-engine',
95 silly mapToRegistry   scope: '@nguniversal',
95 silly mapToRegistry   escapedName: '@nguniversal%2fexpress-engine',
95 silly mapToRegistry   name: '@nguniversal/express-engine',
95 silly mapToRegistry   rawSpec: '',
95 silly mapToRegistry   spec: 'latest',
95 silly mapToRegistry   type: 'tag' }
96 silly mapToRegistry uri https://registry.npmjs.org/@nguniversal%2fexpress-engine
97 verbose addRemoteTarball https://registry.npmjs.org/@nguniversal/express-engine/-/express-engine-1.0.0-beta.3.tgz not in flight; adding
98 verbose addRemoteTarball [ 'https://registry.npmjs.org/@nguniversal/express-engine/-/express-engine-1.0.0-beta.3.tgz',
98 verbose addRemoteTarball   'b06dd5ece6c6882db5e29ec4ed91f65792c63a4e' ]
99 info retry fetch attempt 1 at 3:25:45 PM
100 info attempt registry request try #1 at 3:25:45 PM
101 http fetch GET https://registry.npmjs.org/@nguniversal/express-engine/-/express-engine-1.0.0-beta.3.tgz
102 http fetch 200 https://registry.npmjs.org/@nguniversal/express-engine/-/express-engine-1.0.0-beta.3.tgz
103 silly fetchAndShaCheck shasum b06dd5ece6c6882db5e29ec4ed91f65792c63a4e
104 verbose addTmpTarball C:\Users\michaeld\AppData\Local\Temp\npm-7668-8bf823c3\registry.npmjs.org\_40nguniversal\express-engine\-\express-engine-1.0.0-beta.3.tgz not in flight; adding
105 verbose addTmpTarball already have metadata; skipping unpack for @nguniversal/express-engine@1.0.0-beta.3
106 verbose correctMkdir C:\Users\michaeld\AppData\Roaming\npm-cache correctMkdir not in flight; initializing
107 silly cache afterAdd @nguniversal/express-engine@1.0.0-beta.3
108 verbose afterAdd C:\Users\michaeld\AppData\Roaming\npm-cache\@nguniversal\express-engine\1.0.0-beta.3\package\package.json not in flight; writing
109 verbose correctMkdir C:\Users\michaeld\AppData\Roaming\npm-cache correctMkdir not in flight; initializing
110 verbose afterAdd C:\Users\michaeld\AppData\Roaming\npm-cache\@nguniversal\express-engine\1.0.0-beta.3\package\package.json written
111 http 304 https://registry.npmjs.org/@nguniversal%2fmodule-map-ngfactory-loader
112 verbose headers { date: 'Tue, 20 Mar 2018 09:55:45 GMT',
112 verbose headers   via: '1.1 varnish',
112 verbose headers   'cache-control': 'max-age=0',
112 verbose headers   etag: 'W/"5a97083e-3143"',
112 verbose headers   age: '109483',
112 verbose headers   connection: 'keep-alive',
112 verbose headers   'x-served-by': 'cache-lhr6344-LHR',
112 verbose headers   'x-cache': 'MISS',
112 verbose headers   'x-cache-hits': '0',
112 verbose headers   'x-timer': 'S1521539745.262219,VS0,VE676',
112 verbose headers   vary: 'Accept, Accept-Encoding' }
113 silly get cb [ 304,
113 silly get   { date: 'Tue, 20 Mar 2018 09:55:45 GMT',
113 silly get     via: '1.1 varnish',
113 silly get     'cache-control': 'max-age=0',
113 silly get     etag: 'W/"5a97083e-3143"',
113 silly get     age: '109483',
113 silly get     connection: 'keep-alive',
113 silly get     'x-served-by': 'cache-lhr6344-LHR',
113 silly get     'x-cache': 'MISS',
113 silly get     'x-cache-hits': '0',
113 silly get     'x-timer': 'S1521539745.262219,VS0,VE676',
113 silly get     vary: 'Accept, Accept-Encoding' } ]
114 verbose etag https://registry.npmjs.org/@nguniversal%2fmodule-map-ngfactory-loader from cache
115 verbose get saving @nguniversal/module-map-ngfactory-loader to C:\Users\michaeld\AppData\Roaming\npm-cache\registry.npmjs.org\_40nguniversal_252fmodule-map-ngfactory-loader\.cache.json
116 verbose correctMkdir C:\Users\michaeld\AppData\Roaming\npm-cache correctMkdir not in flight; initializing
117 silly pickManifestFromRegistryMetadata spec >=1.0.0-beta.3 <2.0.0 tag latest versions [ '1.0.0-beta.3',
117 silly pickManifestFromRegistryMetadata   '5.0.0-beta.0',
117 silly pickManifestFromRegistryMetadata   '5.0.0-beta.1',
117 silly pickManifestFromRegistryMetadata   '5.0.0-beta.2',
117 silly pickManifestFromRegistryMetadata   '5.0.0-beta.3',
117 silly pickManifestFromRegistryMetadata   '5.0.0-beta.4',
117 silly pickManifestFromRegistryMetadata   '5.0.0-beta.5',
117 silly pickManifestFromRegistryMetadata   '5.0.0-beta.6' ]
118 silly resolveWithNewModule @nguniversal/module-map-ngfactory-loader@1.0.0-beta.3 checking installable status
119 silly cache add args [ '@nguniversal/module-map-ngfactory-loader@^1.0.0-beta.3',
119 silly cache add   null ]
120 verbose cache add spec @nguniversal/module-map-ngfactory-loader@^1.0.0-beta.3
121 silly cache add parsed spec Result {
121 silly cache add   raw: '@nguniversal/module-map-ngfactory-loader@^1.0.0-beta.3',
121 silly cache add   scope: '@nguniversal',
121 silly cache add   escapedName: '@nguniversal%2fmodule-map-ngfactory-loader',
121 silly cache add   name: '@nguniversal/module-map-ngfactory-loader',
121 silly cache add   rawSpec: '^1.0.0-beta.3',
121 silly cache add   spec: '>=1.0.0-beta.3 <2.0.0',
121 silly cache add   type: 'range' }
122 silly addNamed @nguniversal/module-map-ngfactory-loader@>=1.0.0-beta.3 <2.0.0
123 verbose addNamed ">=1.0.0-beta.3 <2.0.0" is a valid semver range for @nguniversal/module-map-ngfactory-loader
124 silly addNameRange { name: '@nguniversal/module-map-ngfactory-loader',
124 silly addNameRange   range: '>=1.0.0-beta.3 <2.0.0',
124 silly addNameRange   hasData: false }
125 silly mapToRegistry name @nguniversal/module-map-ngfactory-loader
126 silly mapToRegistry scope (from package name) @nguniversal
127 verbose mapToRegistry no registry URL found in name for scope @nguniversal
128 silly mapToRegistry using default registry
129 silly mapToRegistry registry https://registry.npmjs.org/
130 silly mapToRegistry data Result {
130 silly mapToRegistry   raw: '@nguniversal/module-map-ngfactory-loader',
130 silly mapToRegistry   scope: '@nguniversal',
130 silly mapToRegistry   escapedName: '@nguniversal%2fmodule-map-ngfactory-loader',
130 silly mapToRegistry   name: '@nguniversal/module-map-ngfactory-loader',
130 silly mapToRegistry   rawSpec: '',
130 silly mapToRegistry   spec: 'latest',
130 silly mapToRegistry   type: 'tag' }
131 silly mapToRegistry uri https://registry.npmjs.org/@nguniversal%2fmodule-map-ngfactory-loader
132 verbose addNameRange registry:https://registry.npmjs.org/@nguniversal%2fmodule-map-ngfactory-loader not in flight; fetching
133 verbose get https://registry.npmjs.org/@nguniversal%2fmodule-map-ngfactory-loader not expired, no request
134 silly addNameRange number 2 { name: '@nguniversal/module-map-ngfactory-loader',
134 silly addNameRange   range: '>=1.0.0-beta.3 <2.0.0',
134 silly addNameRange   hasData: true }
135 silly addNameRange versions [ '@nguniversal/module-map-ngfactory-loader',
135 silly addNameRange   [ '1.0.0-beta.3',
135 silly addNameRange     '5.0.0-beta.0',
135 silly addNameRange     '5.0.0-beta.1',
135 silly addNameRange     '5.0.0-beta.2',
135 silly addNameRange     '5.0.0-beta.3',
135 silly addNameRange     '5.0.0-beta.4',
135 silly addNameRange     '5.0.0-beta.5',
135 silly addNameRange     '5.0.0-beta.6' ] ]
136 silly pickManifestFromRegistryMetadata spec >=1.0.0-beta.3 <2.0.0 tag latest versions [ '1.0.0-beta.3',
136 silly pickManifestFromRegistryMetadata   '5.0.0-beta.0',
136 silly pickManifestFromRegistryMetadata   '5.0.0-beta.1',
136 silly pickManifestFromRegistryMetadata   '5.0.0-beta.2',
136 silly pickManifestFromRegistryMetadata   '5.0.0-beta.3',
136 silly pickManifestFromRegistryMetadata   '5.0.0-beta.4',
136 silly pickManifestFromRegistryMetadata   '5.0.0-beta.5',
136 silly pickManifestFromRegistryMetadata   '5.0.0-beta.6' ]
137 silly addNamed @nguniversal/module-map-ngfactory-loader@1.0.0-beta.3
138 verbose addNamed "1.0.0-beta.3" is a plain semver version for @nguniversal/module-map-ngfactory-loader
139 silly mapToRegistry name @nguniversal/module-map-ngfactory-loader
140 silly mapToRegistry scope (from package name) @nguniversal
141 verbose mapToRegistry no registry URL found in name for scope @nguniversal
142 silly mapToRegistry using default registry
143 silly mapToRegistry registry https://registry.npmjs.org/
144 silly mapToRegistry data Result {
144 silly mapToRegistry   raw: '@nguniversal/module-map-ngfactory-loader',
144 silly mapToRegistry   scope: '@nguniversal',
144 silly mapToRegistry   escapedName: '@nguniversal%2fmodule-map-ngfactory-loader',
144 silly mapToRegistry   name: '@nguniversal/module-map-ngfactory-loader',
144 silly mapToRegistry   rawSpec: '',
144 silly mapToRegistry   spec: 'latest',
144 silly mapToRegistry   type: 'tag' }
145 silly mapToRegistry uri https://registry.npmjs.org/@nguniversal%2fmodule-map-ngfactory-loader
146 verbose addRemoteTarball https://registry.npmjs.org/@nguniversal/module-map-ngfactory-loader/-/module-map-ngfactory-loader-1.0.0-beta.3.tgz not in flight; adding
147 verbose addRemoteTarball [ 'https://registry.npmjs.org/@nguniversal/module-map-ngfactory-loader/-/module-map-ngfactory-loader-1.0.0-beta.3.tgz',
147 verbose addRemoteTarball   '50ab9e5f00e9815f2fa5a69dbfae5bda41b7bfa2' ]
148 info retry fetch attempt 1 at 3:25:46 PM
149 info attempt registry request try #1 at 3:25:46 PM
150 http fetch GET https://registry.npmjs.org/@nguniversal/module-map-ngfactory-loader/-/module-map-ngfactory-loader-1.0.0-beta.3.tgz
151 http 304 https://registry.npmjs.org/@nguniversal%2fcommon
152 verbose headers { date: 'Tue, 20 Mar 2018 09:55:46 GMT',
152 verbose headers   via: '1.1 varnish',
152 verbose headers   'cache-control': 'max-age=0',
152 verbose headers   etag: 'W/"5a970825-2b82"',
152 verbose headers   age: '0',
152 verbose headers   connection: 'keep-alive',
152 verbose headers   'x-served-by': 'cache-lhr6339-LHR',
152 verbose headers   'x-cache': 'MISS',
152 verbose headers   'x-cache-hits': '0',
152 verbose headers   'x-timer': 'S1521539746.044102,VS0,VE723',
152 verbose headers   vary: 'Accept, Accept-Encoding' }
153 silly get cb [ 304,
153 silly get   { date: 'Tue, 20 Mar 2018 09:55:46 GMT',
153 silly get     via: '1.1 varnish',
153 silly get     'cache-control': 'max-age=0',
153 silly get     etag: 'W/"5a970825-2b82"',
153 silly get     age: '0',
153 silly get     connection: 'keep-alive',
153 silly get     'x-served-by': 'cache-lhr6339-LHR',
153 silly get     'x-cache': 'MISS',
153 silly get     'x-cache-hits': '0',
153 silly get     'x-timer': 'S1521539746.044102,VS0,VE723',
153 silly get     vary: 'Accept, Accept-Encoding' } ]
154 verbose etag https://registry.npmjs.org/@nguniversal%2fcommon from cache
155 verbose get saving @nguniversal/common to C:\Users\michaeld\AppData\Roaming\npm-cache\registry.npmjs.org\_40nguniversal_252fcommon\.cache.json
156 verbose correctMkdir C:\Users\michaeld\AppData\Roaming\npm-cache correctMkdir not in flight; initializing
157 silly pickManifestFromRegistryMetadata spec >=1.0.0-beta.3 <2.0.0 tag latest versions [ '5.0.0-beta.1',
157 silly pickManifestFromRegistryMetadata   '5.0.0-beta.2',
157 silly pickManifestFromRegistryMetadata   '5.0.0-beta.3',
157 silly pickManifestFromRegistryMetadata   '5.0.0-beta.4',
157 silly pickManifestFromRegistryMetadata   '5.0.0-beta.5',
157 silly pickManifestFromRegistryMetadata   '5.0.0-beta.6' ]
158 silly fetchNamedPackageData No valid target from cache, forcing network
159 verbose request uri https://registry.npmjs.org/@nguniversal%2fcommon
160 verbose request no auth needed
161 info attempt registry request try #1 at 3:25:46 PM
162 http request GET https://registry.npmjs.org/@nguniversal%2fcommon
163 http fetch 200 https://registry.npmjs.org/@nguniversal/module-map-ngfactory-loader/-/module-map-ngfactory-loader-1.0.0-beta.3.tgz
164 silly fetchAndShaCheck shasum 50ab9e5f00e9815f2fa5a69dbfae5bda41b7bfa2
165 verbose addTmpTarball C:\Users\michaeld\AppData\Local\Temp\npm-7668-8bf823c3\registry.npmjs.org\_40nguniversal\module-map-ngfactory-loader\-\module-map-ngfactory-loader-1.0.0-beta.3.tgz not in flight; adding
166 verbose addTmpTarball already have metadata; skipping unpack for @nguniversal/module-map-ngfactory-loader@1.0.0-beta.3
167 verbose correctMkdir C:\Users\michaeld\AppData\Roaming\npm-cache correctMkdir not in flight; initializing
168 silly cache afterAdd @nguniversal/module-map-ngfactory-loader@1.0.0-beta.3
169 verbose afterAdd C:\Users\michaeld\AppData\Roaming\npm-cache\@nguniversal\module-map-ngfactory-loader\1.0.0-beta.3\package\package.json not in flight; writing
170 verbose correctMkdir C:\Users\michaeld\AppData\Roaming\npm-cache correctMkdir not in flight; initializing
171 verbose afterAdd C:\Users\michaeld\AppData\Roaming\npm-cache\@nguniversal\module-map-ngfactory-loader\1.0.0-beta.3\package\package.json written
172 http 200 https://registry.npmjs.org/@nguniversal%2fcommon
173 verbose headers { 'content-type': 'application/json; charset=UTF-8',
173 verbose headers   server: 'AmazonS3',
173 verbose headers   'last-modified': 'Wed, 28 Feb 2018 19:51:01 GMT',
173 verbose headers   etag: 'W/"5a970825-2b82"',
173 verbose headers   'content-encoding': 'gzip',
173 verbose headers   via: '1.1 varnish (Varnish/5.2), 1.1 varnish',
173 verbose headers   'cache-control': 'max-age=0',
173 verbose headers   'content-length': '2311',
173 verbose headers   'accept-ranges': 'bytes',
173 verbose headers   date: 'Tue, 20 Mar 2018 09:55:47 GMT',
173 verbose headers   age: '109296',
173 verbose headers   connection: 'keep-alive',
173 verbose headers   'x-served-by': 'cache-lhr6344-LHR',
173 verbose headers   'x-cache': 'MISS',
173 verbose headers   'x-cache-hits': '0',
173 verbose headers   'x-timer': 'S1521539747.925296,VS0,VE679',
173 verbose headers   vary: 'Accept, Accept-Encoding' }
174 silly get cb [ 200,
174 silly get   { 'content-type': 'application/json; charset=UTF-8',
174 silly get     server: 'AmazonS3',
174 silly get     'last-modified': 'Wed, 28 Feb 2018 19:51:01 GMT',
174 silly get     etag: 'W/"5a970825-2b82"',
174 silly get     'content-encoding': 'gzip',
174 silly get     via: '1.1 varnish (Varnish/5.2), 1.1 varnish',
174 silly get     'cache-control': 'max-age=0',
174 silly get     'content-length': '2311',
174 silly get     'accept-ranges': 'bytes',
174 silly get     date: 'Tue, 20 Mar 2018 09:55:47 GMT',
174 silly get     age: '109296',
174 silly get     connection: 'keep-alive',
174 silly get     'x-served-by': 'cache-lhr6344-LHR',
174 silly get     'x-cache': 'MISS',
174 silly get     'x-cache-hits': '0',
174 silly get     'x-timer': 'S1521539747.925296,VS0,VE679',
174 silly get     vary: 'Accept, Accept-Encoding' } ]
175 verbose get saving @nguniversal/common to C:\Users\michaeld\AppData\Roaming\npm-cache\registry.npmjs.org\_40nguniversal_252fcommon\.cache.json
176 verbose correctMkdir C:\Users\michaeld\AppData\Roaming\npm-cache correctMkdir not in flight; initializing
177 silly pickManifestFromRegistryMetadata spec >=1.0.0-beta.3 <2.0.0 tag latest versions [ '5.0.0-beta.1',
177 silly pickManifestFromRegistryMetadata   '5.0.0-beta.2',
177 silly pickManifestFromRegistryMetadata   '5.0.0-beta.3',
177 silly pickManifestFromRegistryMetadata   '5.0.0-beta.4',
177 silly pickManifestFromRegistryMetadata   '5.0.0-beta.5',
177 silly pickManifestFromRegistryMetadata   '5.0.0-beta.6' ]
178 silly fetchPackageMetaData Error: No compatible version found: @nguniversal/common@^1.0.0-beta.3
178 silly fetchPackageMetaData Valid install targets:
178 silly fetchPackageMetaData 5.0.0-beta.1, 5.0.0-beta.2, 5.0.0-beta.3, 5.0.0-beta.4, 5.0.0-beta.5, 5.0.0-beta.6
178 silly fetchPackageMetaData
178 silly fetchPackageMetaData     at pickVersionFromRegistryDocument (C:\Program Files\nodejs\node_modules\npm\lib\fetch-package-metadata.js:158:16)
178 silly fetchPackageMetaData     at C:\Program Files\nodejs\node_modules\npm\node_modules\iferr\index.js:13:50
178 silly fetchPackageMetaData     at C:\Program Files\nodejs\node_modules\npm\lib\utils\pulse-till-done.js:20:8
178 silly fetchPackageMetaData     at saved (C:\Program Files\nodejs\node_modules\npm\lib\cache\caching-client.js:174:7)
178 silly fetchPackageMetaData     at C:\Program Files\nodejs\node_modules\npm\node_modules\graceful-fs\polyfills.js:261:18
178 silly fetchPackageMetaData     at FSReqWrap.oncomplete (fs.js:114:15)
178 silly fetchPackageMetaData  error for @nguniversal/common@^1.0.0-beta.3 { Error: No compatible version found: @nguniversal/common@^1.0.0-beta.3
178 silly fetchPackageMetaData Valid install targets:
178 silly fetchPackageMetaData 5.0.0-beta.1, 5.0.0-beta.2, 5.0.0-beta.3, 5.0.0-beta.4, 5.0.0-beta.5, 5.0.0-beta.6
178 silly fetchPackageMetaData
178 silly fetchPackageMetaData     at pickVersionFromRegistryDocument (C:\Program Files\nodejs\node_modules\npm\lib\fetch-package-metadata.js:158:16)
178 silly fetchPackageMetaData     at C:\Program Files\nodejs\node_modules\npm\node_modules\iferr\index.js:13:50
178 silly fetchPackageMetaData     at C:\Program Files\nodejs\node_modules\npm\lib\utils\pulse-till-done.js:20:8
178 silly fetchPackageMetaData     at saved (C:\Program Files\nodejs\node_modules\npm\lib\cache\caching-client.js:174:7)
178 silly fetchPackageMetaData     at C:\Program Files\nodejs\node_modules\npm\node_modules\graceful-fs\polyfills.js:261:18
178 silly fetchPackageMetaData     at FSReqWrap.oncomplete (fs.js:114:15) code: 'ETARGET' }
179 silly rollbackFailedOptional Starting
180 silly rollbackFailedOptional Finishing
181 silly runTopLevelLifecycles Finishing
182 silly install printInstalled
183 verbose stack Error: No compatible version found: @nguniversal/common@^1.0.0-beta.3
183 verbose stack Valid install targets:
183 verbose stack 5.0.0-beta.1, 5.0.0-beta.2, 5.0.0-beta.3, 5.0.0-beta.4, 5.0.0-beta.5, 5.0.0-beta.6
183 verbose stack
183 verbose stack     at pickVersionFromRegistryDocument (C:\Program Files\nodejs\node_modules\npm\lib\fetch-package-metadata.js:158:16)
183 verbose stack     at C:\Program Files\nodejs\node_modules\npm\node_modules\iferr\index.js:13:50
183 verbose stack     at C:\Program Files\nodejs\node_modules\npm\lib\utils\pulse-till-done.js:20:8
183 verbose stack     at saved (C:\Program Files\nodejs\node_modules\npm\lib\cache\caching-client.js:174:7)
183 verbose stack     at C:\Program Files\nodejs\node_modules\npm\node_modules\graceful-fs\polyfills.js:261:18
183 verbose stack     at FSReqWrap.oncomplete (fs.js:114:15)
184 verbose cwd D:\SEO\SEO_POC
185 error Windows_NT 10.0.14393
186 error argv "C:\\Program Files\\nodejs\\node.exe" "C:\\Program Files\\nodejs\\node_modules\\npm\\bin\\npm-cli.js" "install"
187 error node v7.7.0
188 error npm  v4.1.2
189 error code ETARGET
190 error notarget No compatible version found: @nguniversal/common@^1.0.0-beta.3
190 error notarget Valid install targets:
190 error notarget 5.0.0-beta.1, 5.0.0-beta.2, 5.0.0-beta.3, 5.0.0-beta.4, 5.0.0-beta.5, 5.0.0-beta.6
191 error notarget This is most likely not a problem with npm itself.
191 error notarget In most cases you or one of your dependencies are requesting
191 error notarget a package version that doesn't exist.
191 error notarget
191 error notarget It was specified as a dependency of 'seo_poc'
192 verbose exit [ 1, true ]
